#
# A fatal error has been detected by the Java Runtime Environment:
#
#  SIGSEGV (0xb) at pc=0x000000010147ec79, pid=3735, tid=4398485504
#
# JRE version: 7.0
# Java VM: OpenJDK 64-Bit Server VM (20.0-b02 mixed mode bsd-amd64 compressed oops)
# Problematic frame:
# V  [libjvm.dylib+0x47ec79]
#
# If you would like to submit a bug report, please visit:
#   http://java.sun.com/webapps/bugreport/crash.jsp
#

---------------  T H R E A D  ---------------

Current thread (0x0000000102032000):  JavaThread "JDWP Transport Listener: dt_socket" daemon [_thread_in_vm, id=103518208, stack(0x00000001061b9000,0x00000001062b9000)]

siginfo:si_signo=SIGSEGV: si_errno=0, si_code=0 (SEGV0), si_addr=0x0000000000000000

Registers:
RAX=0x0000000000000001, RBX=0x00000001002023b0, RCX=0x00000000000fc080, RDX=0x00000001062b8b2f
RSP=0x00000001062b8a70, RBP=0x00000001062b8ad0, RSI=0x0000000102032000, RDI=0x00000001002023b0
R8 =0x000000010022c240, R9 =0x0000000100230830, R10=0x00000000da72ed77, R11=0x00000000dd8182b5
R12=0x0002000000000000, R13=0x0000000102032000, R14=0x0000000000000063, R15=0x00000001062b8b2f
RIP=0x000000010147ec79, EFL=0x0000000000010206, ERR=0x0000000000000000
  TRAPNO=0x000000000000000d

Register to memory mapping:

RAX=0x0000000000000001
0x0000000000000001 is pointing to unknown location

RBX=0x00000001002023b0
0x00000001002023b0 is pointing to unknown location

RCX=0x00000000000fc080
0x00000000000fc080 is pointing to unknown location

RDX=0x00000001062b8b2f
0x00000001062b8b2f is pointing into the stack for thread: 0x0000000102032000
"JDWP Transport Listener: dt_socket" daemon prio=5 tid=0x0000000102032000 nid=0x1062b9000 runnable [0x0000000000000000]
   java.lang.Thread.State: RUNNABLE

RSP=0x00000001062b8a70
0x00000001062b8a70 is pointing into the stack for thread: 0x0000000102032000
"JDWP Transport Listener: dt_socket" daemon prio=5 tid=0x0000000102032000 nid=0x1062b9000 runnable [0x0000000000000000]
   java.lang.Thread.State: RUNNABLE

RBP=0x00000001062b8ad0
0x00000001062b8ad0 is pointing into the stack for thread: 0x0000000102032000
"JDWP Transport Listener: dt_socket" daemon prio=5 tid=0x0000000102032000 nid=0x1062b9000 runnable [0x0000000000000000]
   java.lang.Thread.State: RUNNABLE

RSI=0x0000000102032000
"JDWP Transport Listener: dt_socket" daemon prio=5 tid=0x0000000102032000 nid=0x1062b9000 runnable [0x0000000000000000]
   java.lang.Thread.State: RUNNABLE

RDI=0x00000001002023b0
0x00000001002023b0 is pointing to unknown location

R8 =0x000000010022c240
0x000000010022c240 is pointing to unknown location

R9 =0x0000000100230830
0x0000000100230830 is pointing to unknown location

R10=0x00000000da72ed77
0x00000000da72ed77 is pointing to unknown location

R11=0x00000000dd8182b5
0x00000000dd8182b5 is pointing to unknown location

R12=0x0002000000000000
0x0002000000000000 is pointing to unknown location

R13=0x0000000102032000
"JDWP Transport Listener: dt_socket" daemon prio=5 tid=0x0000000102032000 nid=0x1062b9000 runnable [0x0000000000000000]
   java.lang.Thread.State: RUNNABLE

R14=0x0000000000000063
0x0000000000000063 is pointing to unknown location

R15=0x00000001062b8b2f
0x00000001062b8b2f is pointing into the stack for thread: 0x0000000102032000
"JDWP Transport Listener: dt_socket" daemon prio=5 tid=0x0000000102032000 nid=0x1062b9000 runnable [0x0000000000000000]
   java.lang.Thread.State: RUNNABLE


Top of Stack: (sp=0x00000001062b8a70)
0x00000001062b8a70:   00000001062b8a80 00000001062b8a80
0x00000001062b8a80:   0000000102032000 0000000000000000
0x00000001062b8a90:   0000000100000000 0000000000000000
0x00000001062b8aa0:   0000000000000002 0002000000000000
0x00000001062b8ab0:   00000001062b8b2f 0000000000000003
0x00000001062b8ac0:   0000000000000001 00000001062b8d50
0x00000001062b8ad0:   00000001062b8af0 00000001000bcff8
0x00000001062b8ae0:   0002000000000000 00000001062b8b90
0x00000001062b8af0:   00000001062b8b50 00000001000993a7
0x00000001062b8b00:   0000000000000000 0000000100221e70
0x00000001062b8b10:   0000000000000000 0000000000000000
0x00000001062b8b20:   00000009062b8b40 0000000100000004
0x00000001062b8b30:   0000000100119d50 00000001062b8b90
0x00000001062b8b40:   00000001062b8d20 0000000000000001
0x00000001062b8b50:   00000001062b8b60 00000001000994de
0x00000001062b8b60:   00000001062b8da0 00000001000a4a68
0x00000001062b8b70:   00025d9700000013 00000001000f0200
0x00000001062b8b80:   0000000100119c40 0000000100218800
0x00000001062b8b90:   00000001062b8cc6 0000000100000046
0x00000001062b8ba0:   00000001062b8ba8 00000001000000e6
0x00000001062b8bb0:   00000001062b8be0 0000000000000000
0x00000001062b8bc0:   0000000000000000 00025d970000001c
0x00000001062b8bd0:   0000000100008c80 00000001062b8be0
0x00000001062b8be0:   0100000004000000 0b00000050af2200
0x00000001062b8bf0:   756f446b63656863 2815000000656c62
0x00000001062b8c00:   616c2f6176616a4c 6e697274532f676e
0x00000001062b8c10:   0000000056293b67 010000000a000000
0x00000001062b8c20:   0b00000080af2100 65746172656e6567
0x00000001062b8c30:   283f0000004b424b 65706f2f67726f4c
0x00000001062b8c40:   2f7465676475626e 6d2f616973737572
0x00000001062b8c50:   6475422f6c65646f 526d657449746567
0x00000001062b8c60:   76616a4c293b7375 532f676e616c2f61 

Instructions: (pc=0x000000010147ec79)
0x000000010147ec69:   63 0f 84 1a ff ff ff 4d 85 e4 0f 84 da 00 00 00
0x000000010147ec79:   4d 8b 24 24 48 b8 fe fe fe fe fe fe fe fe 4d 85 

Stack: [0x00000001061b9000,0x00000001062b9000],  sp=0x00000001062b8a70,  free space=1022k
Native frames: (J=compiled Java code, j=interpreted, Vv=VM code, C=native code)
V  [libjvm.dylib+0x47ec79]
C  [libjdwp.dylib+0x28ff8]  isMethodSynthetic+0x38
C  [libjdwp.dylib+0x53a7]  methods1+0x137
C  [libjdwp.dylib+0x54de]  methodsWithGeneric+0xe
C  [libjdwp.dylib+0x10a68]  debugLoop_run+0x248
C  [libjdwp.dylib+0x23d3f]  attachThread+0x2f
V  [libjvm.dylib+0x4e8285]
V  [libjvm.dylib+0x6dcc0c]
V  [libjvm.dylib+0x5e2d27]
C  [libsystem_pthread.dylib+0x1899]  _pthread_body+0x8a
C  [libsystem_pthread.dylib+0x172a]  _pthread_struct_init+0x0
C  [libsystem_pthread.dylib+0x5fc9]  thread_start+0xd


---------------  P R O C E S S  ---------------

Java Threads: ( => current thread )
  0x0000000102046800 JavaThread "Low Memory Detector" daemon [_thread_blocked, id=108822528, stack(0x00000001066c8000,0x00000001067c8000)]
  0x0000000100847000 JavaThread "C2 CompilerThread1" daemon [_thread_blocked, id=107761664, stack(0x00000001065c5000,0x00000001066c5000)]
  0x0000000100846000 JavaThread "C2 CompilerThread0" daemon [_thread_blocked, id=106700800, stack(0x00000001064c2000,0x00000001065c2000)]
  0x0000000100845800 JavaThread "JDWP Command Reader" daemon [_thread_in_native, id=105639936, stack(0x00000001063bf000,0x00000001064bf000)]
  0x000000010083e800 JavaThread "JDWP Event Helper Thread" daemon [_thread_blocked, id=104579072, stack(0x00000001062bc000,0x00000001063bc000)]
=>0x0000000102032000 JavaThread "JDWP Transport Listener: dt_socket" daemon [_thread_in_vm, id=103518208, stack(0x00000001061b9000,0x00000001062b9000)]
  0x000000010083d800 JavaThread "Signal Dispatcher" daemon [_thread_blocked, id=102457344, stack(0x00000001060b6000,0x00000001061b6000)]
  0x000000010082e000 JavaThread "Finalizer" daemon [_thread_blocked, id=101396480, stack(0x0000000105fb3000,0x00000001060b3000)]
  0x0000000100828000 JavaThread "Reference Handler" daemon [_thread_blocked, id=100335616, stack(0x0000000105eb0000,0x0000000105fb0000)]
  0x0000000100802800 JavaThread "main" [_thread_blocked, id=4198400, stack(0x0000000100301000,0x0000000100401000)]

Other Threads:
  0x0000000102029000 VMThread [stack: 0x0000000105dad000,0x0000000105ead000] [id=99274752]
  0x0000000102047800 WatcherThread [stack: 0x00000001067cb000,0x00000001068cb000] [id=109883392]

VM state:not at safepoint (normal execution)

VM Mutex/Monitor currently owned by a thread: None

Heap
 PSYoungGen      total 25216K, used 10466K [0x00000007e3d60000, 0x00000007e5980000, 0x0000000800000000)
  eden space 21632K, 48% used [0x00000007e3d60000,0x00000007e47988d8,0x00000007e5280000)
  from space 3584K, 0% used [0x00000007e5600000,0x00000007e5600000,0x00000007e5980000)
  to   space 3584K, 0% used [0x00000007e5280000,0x00000007e5280000,0x00000007e5600000)
 PSOldGen        total 57728K, used 0K [0x00000007ab800000, 0x00000007af060000, 0x00000007e3d60000)
  object space 57728K, 0% used [0x00000007ab800000,0x00000007ab800000,0x00000007af060000)
 PSPermGen       total 21248K, used 7523K [0x00000007a6600000, 0x00000007a7ac0000, 0x00000007ab800000)
  object space 21248K, 35% used [0x00000007a6600000,0x00000007a6d58ec8,0x00000007a7ac0000)

Dynamic libraries:
0x000000000a282000 	/usr/lib/libSystem.B.dylib
0x000000000a282000 	/usr/lib/system/libcache.dylib
0x000000000a282000 	/usr/lib/system/libcommonCrypto.dylib
0x000000000a282000 	/usr/lib/system/libcompiler_rt.dylib
0x000000000a282000 	/usr/lib/system/libcopyfile.dylib
0x000000000a282000 	/usr/lib/system/libcorecrypto.dylib
0x000000000a282000 	/usr/lib/system/libdispatch.dylib
0x000000000a282000 	/usr/lib/system/libdyld.dylib
0x000000000a282000 	/usr/lib/system/libkeymgr.dylib
0x000000000a282000 	/usr/lib/system/liblaunch.dylib
0x000000000a282000 	/usr/lib/system/libmacho.dylib
0x000000000a282000 	/usr/lib/system/libquarantine.dylib
0x000000000a282000 	/usr/lib/system/libremovefile.dylib
0x000000000a282000 	/usr/lib/system/libsystem_asl.dylib
0x000000000a282000 	/usr/lib/system/libsystem_blocks.dylib
0x000000000a282000 	/usr/lib/system/libsystem_c.dylib
0x000000000a282000 	/usr/lib/system/libsystem_configuration.dylib
0x000000000a282000 	/usr/lib/system/libsystem_dnssd.dylib
0x000000000a282000 	/usr/lib/system/libsystem_info.dylib
0x000000000a282000 	/usr/lib/system/libsystem_kernel.dylib
0x000000000a282000 	/usr/lib/system/libsystem_m.dylib
0x000000000a282000 	/usr/lib/system/libsystem_malloc.dylib
0x000000000a282000 	/usr/lib/system/libsystem_network.dylib
0x000000000a282000 	/usr/lib/system/libsystem_notify.dylib
0x000000000a282000 	/usr/lib/system/libsystem_platform.dylib
0x000000000a282000 	/usr/lib/system/libsystem_pthread.dylib
0x000000000a282000 	/usr/lib/system/libsystem_sandbox.dylib
0x000000000a282000 	/usr/lib/system/libsystem_stats.dylib
0x000000000a282000 	/usr/lib/system/libunc.dylib
0x000000000a282000 	/usr/lib/system/libunwind.dylib
0x000000000a282000 	/usr/lib/system/libxpc.dylib
0x000000000a282000 	/usr/lib/libobjc.A.dylib
0x000000000a282000 	/usr/lib/libauto.dylib
0x000000000a282000 	/usr/lib/libc++abi.dylib
0x000000000a282000 	/usr/lib/libc++.1.dylib
0x000000000a282000 	/usr/lib/libDiagnosticMessagesClient.dylib
0x0000000101000000 	/Library/Java/JavaVirtualMachines/openjdk-1.7-x86_64/Contents/Home/jre/lib/amd64/server/libjvm.dylib
0x000000000a282000 	/usr/lib/libstdc++.6.dylib
0x000000010004f000 	/Library/Java/JavaVirtualMachines/openjdk-1.7-x86_64/Contents/Home/jre/lib/amd64/libverify.dylib
0x000000010005d000 	/Library/Java/JavaVirtualMachines/openjdk-1.7-x86_64/Contents/Home/jre/lib/amd64/libjava.dylib
0x0000000100089000 	/Library/Java/JavaVirtualMachines/openjdk-1.7-x86_64/Contents/Home/jre/lib/amd64/native_threads/libhpi.dylib
0x0000000100094000 	/Library/Java/JavaVirtualMachines/openjdk-1.7-x86_64/Contents/Home/jre/lib/amd64/libjdwp.dylib
0x00000001000d9000 	/Library/Java/JavaVirtualMachines/openjdk-1.7-x86_64/Contents/Home/jre/lib/amd64/./libnpt.dylib
0x000000000a282000 	/usr/lib/libiconv.2.dylib
0x0000000100403000 	/Library/Java/JavaVirtualMachines/openjdk-1.7-x86_64/Contents/Home/jre/lib/amd64/libzip.dylib
0x00000001000e8000 	/Library/Java/JavaVirtualMachines/openjdk-1.7-x86_64/Contents/Home/jre/lib/amd64/libdt_socket.dylib
0x00000001000ef000 	/Library/Java/JavaVirtualMachines/openjdk-1.7-x86_64/Contents/Home/jre/lib/amd64/libnio.dylib
0x0000000101fbe000 	/Library/Java/JavaVirtualMachines/openjdk-1.7-x86_64/Contents/Home/jre/lib/amd64/./libnet.dylib

VM Arguments:
jvm_args: -agentlib:jdwp=transport=dt_socket,suspend=y,address=localhost:60814 -Dfile.encoding=UTF-8 
java_command: org.openbudget.russia.runner.SimpleRunner
Launcher Type: SUN_STANDARD

Environment Variables:
PATH=/usr/bin:/bin:/usr/sbin:/sbin
SHELL=/bin/bash

Signal Handlers:
SIGSEGV: [libjvm.dylib+0x722a70], sa_mask[0]=0xfffefeff, sa_flags=0x00000042
SIGBUS: [libjvm.dylib+0x722a70], sa_mask[0]=0xfffefeff, sa_flags=0x00000042
SIGFPE: [libjvm.dylib+0x5e0900], sa_mask[0]=0xfffefeff, sa_flags=0x00000042
SIGPIPE: [libjvm.dylib+0x5e0900], sa_mask[0]=0xfffefeff, sa_flags=0x00000042
SIGXFSZ: [libjvm.dylib+0x5e0900], sa_mask[0]=0xfffefeff, sa_flags=0x00000042
SIGILL: [libjvm.dylib+0x5e0900], sa_mask[0]=0xfffefeff, sa_flags=0x00000042
SIGUSR1: SIG_DFL, sa_mask[0]=0x00000000, sa_flags=0x00000002
SIGUSR2: [libjvm.dylib+0x5e1470], sa_mask[0]=0x00000004, sa_flags=0x00000042
SIGHUP: [libjvm.dylib+0x5e1eb0], sa_mask[0]=0xfffefeff, sa_flags=0x00000042
SIGINT: [libjvm.dylib+0x5e1eb0], sa_mask[0]=0xfffefeff, sa_flags=0x00000042
SIGTERM: [libjvm.dylib+0x5e1eb0], sa_mask[0]=0xfffefeff, sa_flags=0x00000042
SIGQUIT: [libjvm.dylib+0x5e1eb0], sa_mask[0]=0xfffefeff, sa_flags=0x00000042


---------------  S Y S T E M  ---------------

OS:Bsd
uname:Darwin 13.4.0 Darwin Kernel Version 13.4.0: Sun Aug 17 19:50:11 PDT 2014; root:xnu-2422.115.4~1/RELEASE_X86_64 x86_64
rlimit: STACK 8192k, CORE 0k, NPROC 266, NOFILE 10240
CPU:total 2 (2 cores per cpu, 1 threads per core) family 6 model 23 stepping 10, cmov, cx8, fxsr, mmx, sse, sse2, sse3, ssse3, sse4.1

Memory: 4k page, physical 5536372k(1384093k free)

/proc/meminfo:


vm_info: OpenJDK 64-Bit Server VM (20.0-b02) for bsd-amd64 JRE (1.7.0-internal-henri_2010_12_01_00_49-b00), built on Dec  1 2010 00:55:11 by "henri" with gcc 4.0.1 (Apple Inc. build 5494)

time: Sun Mar  8 17:23:10 2015
elapsed time: 217 seconds

